[22:16:10] [main/INFO]: Setting user: Player745
[22:16:11] [Client thread/INFO]: LWJGL Version: 2.9.1
[22:16:18] [Client thread/INFO]: Reloading ResourceManager: Default, FMLFileResourcePack:Forge Mod Loader, FMLFileResourcePack:Minecraft Forge, FMLFileResourcePack:Blue Stuff
[22:16:19] [Sound Library Loader/INFO]: Sound engine started
[22:16:20] [Client thread/INFO]: Created: 16x16 textures/blocks-atlas
[22:16:20] [Client thread/INFO]: Created: 16x16 textures/items-atlas
[22:16:20] [Client thread/INFO]: Reloading ResourceManager: Default, FMLFileResourcePack:Forge Mod Loader, FMLFileResourcePack:Minecraft Forge, FMLFileResourcePack:Blue Stuff
[22:16:20] [Client thread/INFO]: Created: 512x256 textures/blocks-atlas
[22:16:20] [Client thread/INFO]: Created: 256x256 textures/items-atlas
[22:16:21] [Sound Library Loader/INFO]: Sound engine started
[22:16:57] [Client thread/INFO]: Deleting level New World
[22:16:57] [Client thread/INFO]: Attempt 1...
[22:17:11] [Server thread/INFO]: Starting integrated minecraft server version 1.7.10
[22:17:11] [Server thread/INFO]: Generating keypair
[22:17:12] [Server thread/INFO]: Converting map!
[22:17:12] [Server thread/INFO]: Scanning folders...
[22:17:12] [Server thread/INFO]: Total conversion count is 0
[22:17:13] [Server thread/INFO]: Preparing start region for level 0
[22:17:14] [Server thread/INFO]: Changing view distance to 7, from 10
[22:17:14] [Server thread/INFO]: Player745[local:E:688308d8] logged in with entity id 1 at (360.5, 4.0, -31.5)
[22:17:14] [Server thread/INFO]: Player745 joined the game
[22:21:52] [Server thread/INFO]: Saving and pausing game...
[22:21:52] [Server thread/INFO]: Saving chunks for level '`'/Overworld
[22:21:52] [Server thread/INFO]: Saving chunks for level '`'/Nether
[22:21:52] [Server thread/INFO]: Saving chunks for level '`'/The End
[22:26:43] [Server thread/INFO]: Player745 has just earned the achievement [Taking Inventory]
[22:26:43] [Client thread/INFO]: [CHAT] Player745 has just earned the achievement [Taking Inventory]
[22:27:07] [Server thread/INFO]: Saving and pausing game...
[22:27:07] [Server thread/INFO]: Saving chunks for level '`'/Overworld
[22:27:07] [Server thread/INFO]: Saving chunks for level '`'/Nether
[22:27:07] [Server thread/INFO]: Saving chunks for level '`'/The End
[22:29:12] [Server thread/INFO]: Saving and pausing game...
[22:29:12] [Server thread/INFO]: Saving chunks for level '`'/Overworld
[22:29:12] [Server thread/INFO]: Saving chunks for level '`'/Nether
[22:29:12] [Server thread/INFO]: Saving chunks for level '`'/The End
[22:34:46] [Client thread/INFO]: Stopping!
[22:34:46] [Server thread/INFO]: Stopping server
[22:34:46] [Server thread/INFO]: Saving players
[22:34:46] [Server thread/INFO]: Saving worlds
[22:34:46] [Server thread/INFO]: Saving chunks for level '`'/Overworld
[22:34:46] [Server thread/INFO]: Saving chunks for level '`'/Nether
[22:34:46] [Server thread/INFO]: Saving chunks for level '`'/The End
[22:34:46] [Client Shutdown Thread/INFO]: Stopping server
[22:34:46] [Client Shutdown Thread/INFO]: Saving players
